1567614494469	mozrunner::runner	INFO	Running command: "/usr/bin/firefox" "-marionette" "-headless" "-foreground" "-no-remote" "-profile" "/tmp/rust_mozprofile.vAqgys6nk6oz"
*** You are running in headless mode.
console.error: "Could not write session state file " (new Error("_initWorker called too early! Please read the session file from disk first.", "resource:///modules/sessionstore/SessionFile.jsm", 337)) "_initWorker/<@resource:///modules/sessionstore/SessionFile.jsm:337:15\n_initWorker@resource:///modules/sessionstore/SessionFile.jsm:330:12\n_postToWorker@resource:///modules/sessionstore/SessionFile.jsm:354:11\nwrite@resource:///modules/sessionstore/SessionFile.jsm:394:19\nwrite@resource:///modules/sessionstore/SessionFile.jsm:66:12\n_writeState@resource:///modules/sessionstore/SessionSaver.jsm:357:12\n_saveState@resource:///modules/sessionstore/SessionSaver.jsm:295:12\n_saveStateAsync@resource:///modules/sessionstore/SessionSaver.jsm:341:5\nsaveStateAsyncWhenIdle@resource:///modules/sessionstore/SessionSaver.jsm:192:9\n"
1567614510189	Marionette	INFO	Listening on port 41701
1567614510217	Marionette	WARN	TLS certificate errors will be ignored for this session
1567614530903	mozrunner::runner	INFO	Running command: "/usr/bin/firefox" "-marionette" "-headless" "-foreground" "-no-remote" "-profile" "/tmp/rust_mozprofile.14yAMjSo5uDH"
*** You are running in headless mode.
1567614536987	Marionette	INFO	Listening on port 43901
1567614537126	Marionette	WARN	TLS certificate errors will be ignored for this session
console.log: Accessibility service init or shutdown observer does not exist.
*** UTM:SVC TimerManager:registerTimer called after profile-before-change notification. Ignoring timer registration for id: telemetry_modules_ping
1568123146638	mozrunner::runner	INFO	Running command: "/usr/bin/firefox" "-marionette" "-headless" "-foreground" "-no-remote" "-profile" "/tmp/rust_mozprofile.Ihy5KO2PVRem"
*** You are running in headless mode.
1568123157730	Marionette	INFO	Listening on port 33701
1568123157832	Marionette	WARN	TLS certificate errors will be ignored for this session
console.log: Accessibility service init or shutdown observer does not exist.
*** UTM:SVC TimerManager:registerTimer called after profile-before-change notification. Ignoring timer registration for id: telemetry_modules_ping

###!!! [Parent][RunMessage] Error: Channel closing: too late to send/recv, messages will be lost

1568123171699	mozrunner::runner	INFO	Running command: "/usr/bin/firefox" "-marionette" "-headless" "-foreground" "-no-remote" "-profile" "/tmp/rust_mozprofile.7Te2wWn0MILb"
*** You are running in headless mode.
1568123178064	Marionette	INFO	Listening on port 41589
1568123178157	Marionette	WARN	TLS certificate errors will be ignored for this session
console.log: Accessibility service init or shutdown observer does not exist.
*** UTM:SVC TimerManager:registerTimer called after profile-before-change notification. Ignoring timer registration for id: telemetry_modules_ping

###!!! [Parent][RunMessage] Error: Channel closing: too late to send/recv, messages will be lost

1568123335894	mozrunner::runner	INFO	Running command: "/usr/bin/firefox" "-marionette" "-headless" "-foreground" "-no-remote" "-profile" "/tmp/rust_mozprofile.ZeC5Cy74iawX"
*** You are running in headless mode.
1568123341564	Marionette	INFO	Listening on port 43249
1568123341642	Marionette	WARN	TLS certificate errors will be ignored for this session
console.log: Accessibility service init or shutdown observer does not exist.
*** UTM:SVC TimerManager:registerTimer called after profile-before-change notification. Ignoring timer registration for id: telemetry_modules_ping
1568123488922	mozrunner::runner	INFO	Running command: "/usr/bin/firefox" "-marionette" "-headless" "-foreground" "-no-remote" "-profile" "/tmp/rust_mozprofile.Fi7G4ip3FBeM"
*** You are running in headless mode.
1568123494674	Marionette	INFO	Listening on port 44821
1568123494760	Marionette	WARN	TLS certificate errors will be ignored for this session
console.log: Accessibility service init or shutdown observer does not exist.
*** UTM:SVC TimerManager:registerTimer called after profile-before-change notification. Ignoring timer registration for id: telemetry_modules_ping
1568123944330	mozrunner::runner	INFO	Running command: "/usr/bin/firefox" "-marionette" "-headless" "-foreground" "-no-remote" "-profile" "/tmp/rust_mozprofile.ScwavpXUbr6c"
*** You are running in headless mode.
console.error: "Could not write session state file " (new Error("_initWorker called too early! Please read the session file from disk first.", "resource:///modules/sessionstore/SessionFile.jsm", 337)) "_initWorker/<@resource:///modules/sessionstore/SessionFile.jsm:337:15\n_initWorker@resource:///modules/sessionstore/SessionFile.jsm:330:12\n_postToWorker@resource:///modules/sessionstore/SessionFile.jsm:354:11\nwrite@resource:///modules/sessionstore/SessionFile.jsm:394:19\nwrite@resource:///modules/sessionstore/SessionFile.jsm:66:12\n_writeState@resource:///modules/sessionstore/SessionSaver.jsm:357:12\n_saveState@resource:///modules/sessionstore/SessionSaver.jsm:295:12\n_saveStateAsync@resource:///modules/sessionstore/SessionSaver.jsm:341:5\nsaveStateAsyncWhenIdle@resource:///modules/sessionstore/SessionSaver.jsm:192:9\n"
1568123958788	Marionette	INFO	Listening on port 41105
1568123958859	Marionette	WARN	TLS certificate errors will be ignored for this session
console.log: Accessibility service init or shutdown observer does not exist.
*** UTM:SVC TimerManager:registerTimer called after profile-before-change notification. Ignoring timer registration for id: telemetry_modules_ping

###!!! [Parent][RunMessage] Error: Channel closing: too late to send/recv, messages will be lost

